prisma/new-seed.ts(441,13): error TS2353: Object literal may only specify known properties, and 'notes' does not exist in type '(Without<QrScanCreateInput, QrScanUncheckedCreateInput> & QrScanUncheckedCreateInput) | (Without<...> & QrScanCreateInput)'.
prisma/new-seed.ts(512,9): error TS2367: This comparison appears to be unintentional because the types 'ApprovalStatus' and '"PENDING"' have no overlap.
src/app/api/qr/verify/route.ts(206,11): error TS2353: Object literal may only specify known properties, and 'notes' does not exist in type 'Without<QrScanCreateInput, QrScanUncheckedCreateInput> & QrScanUncheckedCreateInput'.
src/app/api/qr/verify/route.ts(229,32): error TS2339: Property 'user' does not exist on type '{ id: string; submission_id: string; scanned_at: Date; scanner_name: string | null; scan_location: string | null; scanned_by: string; }'.
src/app/api/reviewer/simloks/export/route.ts(76,9): error TS1117: An object literal cannot have multiple properties with the same name.
src/app/api/reviewer/simloks/route.ts(79,11): error TS1117: An object literal cannot have multiple properties with the same name.
src/app/api/reviewer/simloks/route.ts(154,7): error TS1117: An object literal cannot have multiple properties with the same name.
src/app/api/submissions/[id]/route.ts(136,7): error TS1117: An object literal cannot have multiple properties with the same name.
src/app/api/submissions/[id]/route.ts(231,11): error TS2367: This comparison appears to be unintentional because the types 'ApprovalStatus' and '"PENDING"' have no overlap.
src/app/api/submissions/[id]/route.ts(444,11): error TS2367: This comparison appears to be unintentional because the types 'ApprovalStatus' and '"PENDING"' have no overlap.
src/app/api/submissions/route.ts(112,39): error TS2367: This comparison appears to be unintentional because the types 'ApprovalStatus' and '"PENDING"' have no overlap.
src/app/api/vendor/dashboard-stats/route.ts(27,11): error TS2322: Type '"PENDING"' is not assignable to type 'ApprovalStatus | EnumApprovalStatusFilter<"Submission"> | undefined'.
src/app/api/vendor/dashboard/stats/route.ts(33,43): error TS2367: This comparison appears to be unintentional because the types 'ApprovalStatus' and '"PENDING"' have no overlap.
src/app/api/vendor/dashboard/stats/route.ts(38,37): error TS2367: This comparison appears to be unintentional because the types 'ApprovalStatus' and '"PENDING"' have no overlap.
src/app/api/vendor/submissions/stats/route.ts(31,32): error TS2367: This comparison appears to be unintentional because the types 'ApprovalStatus' and '"PENDING"' have no overlap.
src/app/api/verifier/stats/route.ts(63,11): error TS2322: Type '"PENDING"' is not assignable to type 'ApprovalStatus | EnumApprovalStatusFilter<"Submission"> | undefined'.
src/components/approver/ApproverSubmissionDetailModal.tsx(33,3): error TS2300: Duplicate identifier 'approval_status'.
src/components/approver/ApproverSubmissionDetailModal.tsx(35,3): error TS2300: Duplicate identifier 'approval_status'.
src/components/approver/ApproverSubmissionDetailModal.tsx(35,3): error TS2717: Subsequent property declarations must have the same type.  Property 'approval_status' must be of type 'string', but here has type '"REJECTED" | "PENDING_APPROVAL" | "APPROVED"'.
src/components/approver/ApproverSubmissionsManagement.tsx(21,3): error TS2300: Duplicate identifier 'approval_status'.
src/components/approver/ApproverSubmissionsManagement.tsx(23,3): error TS2300: Duplicate identifier 'approval_status'.
src/components/approver/ApproverSubmissionsManagement.tsx(23,3): error TS2717: Subsequent property declarations must have the same type.  Property 'approval_status' must be of type 'string', but here has type '"REJECTED" | "PENDING_APPROVAL" | "APPROVED"'.
src/components/approver/ApproverTable.tsx(14,3): error TS2300: Duplicate identifier 'approval_status'.
src/components/approver/ApproverTable.tsx(19,3): error TS2300: Duplicate identifier 'approval_status'.
src/components/approver/ApproverTable.tsx(19,3): error TS2717: Subsequent property declarations must have the same type.  Property 'approval_status' must be of type 'string', but here has type '"REJECTED" | "PENDING_APPROVAL" | "APPROVED"'.
src/components/dashboard/VendorDashboard.tsx(138,11): error TS2322: Type '{ id: any; job_description: any; officer_name: any; work_location: any; work_hours: any; approval_status: any; simlok_number: any; created_at: any; }[]' is not assignable to type 'SubmissionRow[]'.
  Property 'review_status' is missing in type '{ id: any; job_description: any; officer_name: any; work_location: any; work_hours: any; approval_status: any; simlok_number: any; created_at: any; }' but required in type 'SubmissionRow'.
src/components/dashboard/VendorDashboard.tsx(155,11): error TS2322: Type '{ id: any; job_description: any; officer_name: any; work_location: any; work_hours: any; approval_status: any; simlok_number: any; created_at: any; }[]' is not assignable to type 'SubmissionRow[]'.
  Property 'review_status' is missing in type '{ id: any; job_description: any; officer_name: any; work_location: any; work_hours: any; approval_status: any; simlok_number: any; created_at: any; }' but required in type 'SubmissionRow'.
src/components/vendor/SubmissionDetailModal.tsx(26,3): error TS2300: Duplicate identifier 'approval_status'.
src/components/vendor/SubmissionDetailModal.tsx(26,3): error TS2687: All declarations of 'approval_status' must have identical modifiers.
src/components/vendor/SubmissionDetailModal.tsx(30,3): error TS2300: Duplicate identifier 'approval_status'.
src/components/vendor/SubmissionDetailModal.tsx(30,3): error TS2687: All declarations of 'approval_status' must have identical modifiers.
src/components/vendor/SubmissionDetailModal.tsx(30,3): error TS2717: Subsequent property declarations must have the same type.  Property 'approval_status' must be of type 'string', but here has type 'string | undefined'.
src/components/vendor/VendorSubmissionsContent.tsx(353,13): error TS2322: Type '{ id: any; job_description: any; officer_name: any; work_location: any; work_hours: any; approval_status: any; simlok_number: any; created_at: any; }[]' is not assignable to type 'SubmissionRow[]'.
  Property 'review_status' is missing in type '{ id: any; job_description: any; officer_name: any; work_location: any; work_hours: any; approval_status: any; simlok_number: any; created_at: any; }' but required in type 'SubmissionRow'.
src/components/vendor/VendorSubmissionsContent.tsx(370,13): error TS2322: Type '{ id: any; job_description: any; officer_name: any; work_location: any; work_hours: any; approval_status: any; simlok_number: any; created_at: any; }[]' is not assignable to type 'SubmissionRow[]'.
  Property 'review_status' is missing in type '{ id: any; job_description: any; officer_name: any; work_location: any; work_hours: any; approval_status: any; simlok_number: any; created_at: any; }' but required in type 'SubmissionRow'.
src/components/verifier/VerifierScanHistory.tsx(42,5): error TS2300: Duplicate identifier 'approval_status'.
src/components/verifier/VerifierScanHistory.tsx(42,5): error TS2687: All declarations of 'approval_status' must have identical modifiers.
src/components/verifier/VerifierScanHistory.tsx(52,5): error TS2300: Duplicate identifier 'approval_status'.
src/components/verifier/VerifierScanHistory.tsx(52,5): error TS2687: All declarations of 'approval_status' must have identical modifiers.
src/components/verifier/VerifierScanHistory.tsx(52,5): error TS2717: Subsequent property declarations must have the same type.  Property 'approval_status' must be of type '"PENDING" | "REJECTED" | "APPROVED"', but here has type '"PENDING" | "REJECTED" | "APPROVED" | undefined'.
src/server/events.ts(116,16): error TS2322: Type '"PENDING"' is not assignable to type 'ApprovalStatus | EnumApprovalStatusFilter<"Submission"> | undefined'.
